2017-05-23 22:37:47 Thread-0 ERROR ConnectionFactory:43 - 
java.lang.ClassNotFoundException: com.corp.tsfile.jdbc.TsfileDriver
	at java.net.URLClassLoader.findClass(URLClassLoader.java:381)
	at java.lang.ClassLoader.loadClass(ClassLoader.java:424)
	at sun.misc.Launcher$AppClassLoader.loadClass(Launcher.java:331)
	at java.lang.ClassLoader.loadClass(ClassLoader.java:357)
	at java.lang.Class.forName0(Native Method)
	at java.lang.Class.forName(Class.java:264)
	at core.ConnectionFactory.getConnection(ConnectionFactory.java:27)
	at action.DBAction.initConnections(DBAction.java:54)
	at action.DBAction.run(DBAction.java:62)
	at java.lang.Thread.run(Thread.java:745)
2017-05-23 23:09:39 Thread-0 ERROR ConnectionFactory:43 - 
java.lang.ClassNotFoundException: com.corp.tsfile.jdbc.TsfileDriver
	at java.net.URLClassLoader.findClass(URLClassLoader.java:381)
	at java.lang.ClassLoader.loadClass(ClassLoader.java:424)
	at sun.misc.Launcher$AppClassLoader.loadClass(Launcher.java:331)
	at java.lang.ClassLoader.loadClass(ClassLoader.java:357)
	at java.lang.Class.forName0(Native Method)
	at java.lang.Class.forName(Class.java:264)
	at core.ConnectionFactory.getConnection(ConnectionFactory.java:27)
	at action.DBAction.initConnections(DBAction.java:54)
	at action.DBAction.run(DBAction.java:62)
	at java.lang.Thread.run(Thread.java:745)
2017-05-23 23:10:24 Thread-0 ERROR ConnectionFactory:43 - 
java.lang.ClassNotFoundException: com.corp.tsfile.jdbc.TsfileDriver
	at java.net.URLClassLoader.findClass(URLClassLoader.java:381)
	at java.lang.ClassLoader.loadClass(ClassLoader.java:424)
	at sun.misc.Launcher$AppClassLoader.loadClass(Launcher.java:331)
	at java.lang.ClassLoader.loadClass(ClassLoader.java:357)
	at java.lang.Class.forName0(Native Method)
	at java.lang.Class.forName(Class.java:264)
	at core.ConnectionFactory.getConnection(ConnectionFactory.java:27)
	at action.DBAction.initConnections(DBAction.java:54)
	at action.DBAction.run(DBAction.java:62)
	at java.lang.Thread.run(Thread.java:745)
2017-05-23 23:10:56 Thread-0 ERROR ConnectionFactory:43 - 
java.lang.ClassNotFoundException: com.corp.tsfile.jdbc.TsfileDriver
	at java.net.URLClassLoader.findClass(URLClassLoader.java:381)
	at java.lang.ClassLoader.loadClass(ClassLoader.java:424)
	at sun.misc.Launcher$AppClassLoader.loadClass(Launcher.java:331)
	at java.lang.ClassLoader.loadClass(ClassLoader.java:357)
	at java.lang.Class.forName0(Native Method)
	at java.lang.Class.forName(Class.java:264)
	at core.ConnectionFactory.getConnection(ConnectionFactory.java:27)
	at action.DBAction.initConnections(DBAction.java:54)
	at action.DBAction.run(DBAction.java:62)
	at java.lang.Thread.run(Thread.java:745)
2017-05-23 23:13:03 Thread-0 ERROR ConnectionFactory:43 - 
java.lang.ClassNotFoundException: cn.edu.thu.tsfiledb.jdbc.TsfileDriver
	at java.net.URLClassLoader.findClass(URLClassLoader.java:381)
	at java.lang.ClassLoader.loadClass(ClassLoader.java:424)
	at sun.misc.Launcher$AppClassLoader.loadClass(Launcher.java:331)
	at java.lang.ClassLoader.loadClass(ClassLoader.java:357)
	at java.lang.Class.forName0(Native Method)
	at java.lang.Class.forName(Class.java:264)
	at core.ConnectionFactory.getConnection(ConnectionFactory.java:27)
	at action.DBAction.initConnections(DBAction.java:54)
	at action.DBAction.run(DBAction.java:62)
	at java.lang.Thread.run(Thread.java:745)
